[2018-03-08 06:39:47] get_connect_2.INFO: 1 [] []
[2018-03-08 06:39:53] get_connect_2.INFO: 1 [] []
[2018-03-08 06:39:53] data_purchase.INFO: ARR array (   0 =>    array (     0 => 1,   ),   1 => 100000,   2 => 'Jono', ) [] []
[2018-03-08 06:39:56] get_connect_2.INFO: 1 [] []
[2018-03-08 06:39:57] get_connect_2.INFO: 1 [] []
[2018-03-08 06:40:29] get_connect_2.INFO: 1 [] []
[2018-03-08 06:40:37] get_connect_2.INFO: 1 [] []
[2018-03-08 06:40:37] data_purchase.INFO: ARR array (   0 =>    array (     0 => 130,   ),   1 => 82800,   2 => 'Ahmad', ) [] []
[2018-03-08 06:40:39] get_connect_2.INFO: 1 [] []
[2018-03-08 06:40:40] get_connect_2.INFO: 1 [] []
[2018-03-08 06:41:45] get_connect_2.INFO: 1 [] []
[2018-03-08 06:41:46] get_connect_2.INFO: 1 [] []
[2018-03-08 06:41:49] get_connect_2.INFO: 1 [] []
[2018-03-08 06:41:52] get_connect_2.INFO: 1 [] []
[2018-03-08 06:41:57] get_connect_2.INFO: 1 [] []
[2018-03-08 06:41:57] data_purchase.INFO: ARR array (   0 =>    array (     0 => 2,   ),   1 => 150000,   2 => 'Jono', ) [] []
[2018-03-08 06:56:52] get_connect_2.INFO: 1 [] []
[2018-03-08 06:56:56] get_connect_2.INFO: 1 [] []
[2018-03-08 06:59:54] get_connect_2.INFO: 1 [] []
[2018-03-08 07:01:06] get_connect_2.INFO: 1 [] []
[2018-03-08 07:01:29] get_connect_2.INFO: 1 [] []
[2018-03-08 07:09:04] get_connect_2.INFO: 1 [] []
[2018-03-08 07:23:17] get_connect_2.INFO: 1 [] []
[2018-03-08 07:23:45] get_connect_2.INFO: 1 [] []
[2018-03-08 07:25:47] get_connect_2.INFO: 1 [] []
[2018-03-08 07:29:39] get_connect_2.INFO: 1 [] []
[2018-03-08 07:31:16] get_connect_2.INFO: 1 [] []
[2018-03-08 07:33:06] get_connect_2.INFO: 1 [] []
[2018-03-08 07:34:12] get_connect_2.INFO: 1 [] []
[2018-03-08 07:34:18] get_connect_2.INFO: 1 [] []
[2018-03-08 07:34:33] get_connect_2.INFO: 1 [] []
[2018-03-08 07:34:36] get_connect_2.INFO: 1 [] []
[2018-03-08 07:35:45] get_connect_2.INFO: 1 [] []
[2018-03-08 07:37:45] get_connect_2.INFO: 1 [] []
[2018-03-08 07:47:37] get_connect_2.INFO: 1 [] []
[2018-03-08 07:49:53] get_connect_2.INFO: 1 [] []
[2018-03-08 07:52:56] get_connect_2.INFO: 1 [] []
[2018-03-08 07:54:02] get_connect_2.INFO: 1 [] []
[2018-03-08 07:54:50] get_connect_2.INFO: 1 [] []
[2018-03-08 07:55:25] get_connect_2.INFO: 1 [] []
[2018-03-08 07:57:54] get_connect_2.INFO: 1 [] []
[2018-03-08 07:59:15] get_connect_2.INFO: 1 [] []
[2018-03-08 07:59:44] get_connect_2.INFO: 1 [] []
[2018-03-08 08:00:04] get_connect_2.INFO: 1 [] []
[2018-03-08 08:01:03] get_connect_2.INFO: 1 [] []
[2018-03-08 08:03:43] get_connect_2.INFO: 1 [] []
[2018-03-08 08:04:50] get_connect_2.INFO: 1 [] []
[2018-03-08 08:05:42] get_connect_2.INFO: 1 [] []
[2018-03-08 08:06:44] get_connect_2.INFO: 1 [] []
[2018-03-08 08:07:25] get_connect_2.INFO: 1 [] []
[2018-03-08 08:07:49] get_connect_2.INFO: 1 [] []
[2018-03-08 08:09:17] get_connect_2.INFO: 1 [] []
[2018-03-08 08:11:24] get_connect_2.INFO: 1 [] []
[2018-03-08 08:14:57] get_connect_2.INFO: 1 [] []
[2018-03-08 08:18:05] get_connect_2.INFO: 1 [] []
[2018-03-08 08:18:45] get_connect_2.INFO: 1 [] []
[2018-03-08 08:23:23] get_connect_2.INFO: 1 [] []
[2018-03-08 08:24:04] get_connect_2.INFO: 1 [] []
[2018-03-08 08:24:53] get_connect_2.INFO: 1 [] []
[2018-03-08 08:26:48] get_connect_2.INFO: 1 [] []
[2018-03-08 08:28:33] get_connect_2.INFO: 1 [] []
[2018-03-08 08:29:14] get_connect_2.INFO: 1 [] []
[2018-03-08 08:30:48] get_connect_2.INFO: 1 [] []
[2018-03-08 08:32:53] get_connect_2.INFO: 1 [] []
[2018-03-08 08:33:24] get_connect_2.INFO: 1 [] []
[2018-03-08 08:33:34] get_connect_2.INFO: 1 [] []
[2018-03-08 08:33:41] get_connect_2.INFO: 1 [] []
[2018-03-08 08:34:20] get_connect_2.INFO: 1 [] []
[2018-03-08 08:34:26] get_connect_2.INFO: 1 [] []
[2018-03-08 08:34:59] get_connect_2.INFO: 1 [] []
[2018-03-08 08:35:04] get_connect_2.INFO: 1 [] []
[2018-03-08 08:35:33] get_connect_2.INFO: 1 [] []
[2018-03-08 08:42:58] get_connect_2.INFO: 1 [] []
[2018-03-08 08:43:04] get_connect_2.INFO: 1 [] []
[2018-03-08 08:43:27] get_connect_2.INFO: 1 [] []
[2018-03-08 08:50:10] get_connect_2.INFO: 1 [] []
[2018-03-08 08:50:16] get_connect_2.INFO: 1 [] []
[2018-03-08 09:41:26] get_connect_2.INFO: 1 [] []
[2018-03-08 09:47:30] get_connect_2.INFO: 1 [] []
[2018-03-08 09:50:31] get_connect_2.INFO: 1 [] []
[2018-03-08 09:50:42] get_connect_2.INFO: 1 [] []
[2018-03-08 09:51:11] get_connect_2.INFO: 1 [] []
[2018-03-08 09:51:17] get_connect_2.INFO: 1 [] []
[2018-03-08 09:53:01] get_connect_2.INFO: 1 [] []
[2018-03-08 09:53:04] get_connect_2.INFO: 1 [] []
[2018-03-08 09:53:10] get_connect_2.INFO: 1 [] []
[2018-03-08 09:54:50] get_connect_2.INFO: 1 [] []
[2018-03-09 01:16:50] dashboard.INFO: 1 [] []
[2018-03-09 01:16:51] dashboard_count.INFO: ARR amount 92284367 [] []
[2018-03-09 01:16:59] dashboard.INFO: 1 [] []
[2018-03-09 01:17:00] dashboard_count.INFO: ARR amount 92284367 [] []
[2018-03-09 01:17:08] get_connect_2.INFO: 1 [] []
[2018-03-09 01:17:12] get_connect_2.INFO: 1 [] []
[2018-03-09 01:19:26] get_connect_2.INFO: 1 [] []
[2018-03-09 01:19:38] get_connect_2.INFO: 1 [] []
[2018-03-09 08:34:57] dashboard.INFO: 1 [] []
[2018-03-09 08:34:58] dashboard_count.INFO: ARR amount 92572055 [] []
[2018-03-09 08:37:08] get_connect_2.INFO: 1 [] []
[2018-03-09 08:37:33] get_connect_2.INFO: 1 [] []
[2018-03-09 08:39:26] get_connect_2.INFO: 1 [] []
[2018-03-09 08:39:40] get_connect_2.INFO: 1 [] []
[2018-03-09 08:40:04] get_connect_2.INFO: 1 [] []
[2018-03-09 08:40:22] get_connect_2.INFO: 1 [] []
[2018-03-09 08:40:47] get_connect_2.INFO: 1 [] []
[2018-03-09 09:22:22] get_connect_2.INFO: 1 [] []
[2018-03-19 01:17:19] dashboard.INFO: 1 [] []
[2018-03-19 01:17:23] dashboard_count.INFO: ARR amount 153296807 [] []
[2018-03-19 01:24:53] get_connect_2.INFO: 1 [] []
[2018-03-19 01:25:19] get_connect_2.INFO: 1 [] []
[2018-03-19 01:25:35] get_connect_2.INFO: 1 [] []
[2018-03-19 01:41:06] get_connect_2.INFO: 1 [] []
[2018-03-19 01:42:06] get_connect_2.INFO: 1 [] []
[2018-03-19 01:43:50] get_connect_2.INFO: 1 [] []
[2018-03-19 02:02:42] get_connect_2.INFO: 1 [] []
[2018-03-19 02:07:03] get_connect_2.INFO: 1 [] []
[2018-03-19 02:07:19] get_connect_2.INFO: 1 [] []
[2018-03-19 02:09:50] get_connect_2.INFO: 1 [] []
[2018-03-19 02:16:16] get_connect_2.INFO: 1 [] []
[2018-03-19 02:20:25] get_connect_2.INFO: 1 [] []
[2018-03-19 02:20:41] get_connect_2.INFO: 1 [] []
[2018-03-19 02:21:08] get_connect_2.INFO: 1 [] []
[2018-03-19 02:21:42] get_connect_2.INFO: 1 [] []
[2018-03-19 02:24:15] get_connect_2.INFO: 1 [] []
[2018-03-19 02:26:09] get_connect_2.INFO: 1 [] []
[2018-03-19 02:26:33] get_connect_2.INFO: 1 [] []
[2018-03-19 02:28:25] get_connect_2.INFO: 1 [] []
[2018-03-19 02:42:01] get_connect_2.INFO: 1 [] []
[2018-03-19 02:42:57] get_connect_2.INFO: 1 [] []
[2018-03-19 02:43:53] get_connect_2.INFO: 1 [] []
[2018-03-19 02:45:10] get_connect_2.INFO: 1 [] []
[2018-03-19 02:45:34] get_connect_2.INFO: 1 [] []
[2018-03-19 02:45:53] get_connect_2.INFO: 1 [] []
[2018-03-19 02:46:14] get_connect_2.INFO: 1 [] []
[2018-03-19 02:52:27] get_connect_2.INFO: 1 [] []
[2018-03-19 02:53:24] get_connect_2.INFO: 1 [] []
[2018-03-19 02:54:16] get_connect_2.INFO: 1 [] []
[2018-03-19 02:57:43] get_connect_2.INFO: 1 [] []
[2018-03-19 02:58:56] get_connect_2.INFO: 1 [] []
[2018-03-19 03:00:42] get_connect_2.INFO: 1 [] []
[2018-03-19 03:01:15] get_connect_2.INFO: 1 [] []
[2018-03-19 03:01:47] get_connect_2.INFO: 1 [] []
[2018-03-19 03:02:29] get_connect_2.INFO: 1 [] []
[2018-03-19 03:03:22] get_connect_2.INFO: 1 [] []
[2018-03-19 03:04:49] get_connect_2.INFO: 1 [] []
[2018-03-19 03:15:31] get_connect_2.INFO: 1 [] []
[2018-03-19 03:15:57] get_connect_2.INFO: 1 [] []
[2018-03-19 03:16:21] get_connect_2.INFO: 1 [] []
[2018-03-19 03:17:10] get_connect_2.INFO: 1 [] []
[2018-03-19 03:18:34] get_connect_2.INFO: 1 [] []
[2018-03-19 03:31:13] get_connect_2.INFO: 1 [] []
[2018-03-19 03:33:29] get_connect_2.INFO: 1 [] []
[2018-03-19 03:35:17] get_connect_2.INFO: 1 [] []
[2018-03-19 03:47:36] get_connect_2.INFO: 1 [] []
[2018-03-19 03:51:56] get_connect_2.INFO: 1 [] []
[2018-03-19 03:52:15] get_connect_2.INFO: 1 [] []
[2018-03-19 03:52:17] get_connect_2.INFO: 1 [] []
[2018-03-19 03:58:05] get_connect_2.INFO: 1 [] []
[2018-03-19 03:58:22] get_connect_2.INFO: 1 [] []
[2018-03-19 03:58:25] get_connect_2.INFO: 1 [] []
[2018-03-19 04:01:25] get_connect_2.INFO: 1 [] []
[2018-03-19 04:01:39] get_connect_2.INFO: 1 [] []
[2018-03-19 04:01:42] get_connect_2.INFO: 1 [] []
[2018-03-19 04:04:13] get_connect_2.INFO: 1 [] []
[2018-03-19 04:04:26] get_connect_2.INFO: 1 [] []
[2018-03-19 04:05:56] get_connect_2.INFO: 1 [] []
[2018-03-19 04:06:02] get_connect_2.INFO: 1 [] []
[2018-03-19 04:06:15] get_connect_2.INFO: 1 [] []
[2018-03-19 04:06:18] get_connect_2.INFO: 1 [] []
[2018-03-19 04:06:40] get_connect_2.INFO: 1 [] []
[2018-03-19 04:06:42] get_connect_2.INFO: 1 [] []
[2018-03-19 04:14:50] get_connect_2.INFO: 1 [] []
[2018-03-19 04:15:01] get_connect_2.INFO: 1 [] []
[2018-03-19 04:15:03] get_connect_2.INFO: 1 [] []
[2018-03-19 04:17:04] get_connect_2.INFO: 1 [] []
[2018-03-19 04:17:06] get_connect_2.INFO: 1 [] []
[2018-03-19 04:17:59] get_connect_2.INFO: 1 [] []
[2018-03-19 04:22:32] get_connect_2.INFO: 1 [] []
[2018-03-19 04:24:35] get_connect_2.INFO: 1 [] []
[2018-03-19 04:24:50] get_connect_2.INFO: 1 [] []
[2018-03-19 04:24:53] get_connect_2.INFO: 1 [] []
[2018-03-19 04:26:01] get_connect_2.INFO: 1 [] []
[2018-03-19 04:26:39] get_connect_2.INFO: 1 [] []
[2018-03-19 04:27:08] dashboard.INFO: 1 [] []
[2018-03-19 04:27:10] dashboard_count.INFO: ARR amount 153536807 [] []
[2018-03-19 04:27:43] get_connect_2.INFO: 1 [] []
[2018-03-19 04:28:21] get_connect_2.INFO: 1 [] []
[2018-03-19 04:28:24] get_connect_2.INFO: 1 [] []
[2018-03-19 04:29:17] get_connect_2.INFO: 1 [] []
[2018-03-19 04:31:11] get_connect_2.INFO: 1 [] []
[2018-03-19 04:31:14] get_connect_2.INFO: 1 [] []
[2018-03-19 04:31:28] get_connect_2.INFO: 1 [] []
[2018-03-19 04:31:28] data_purchase.INFO: ARR array (   0 =>    array (     0 => 147,   ),   1 => 120000,   2 => 'Gabriel', ) [] []
[2018-03-19 04:31:31] get_connect_2.INFO: 1 [] []
[2018-03-19 04:31:31] get_connect_2.INFO: 1 [] []
[2018-03-19 04:33:14] get_connect_2.INFO: 1 [] []
[2018-03-19 04:34:26] get_connect_2.INFO: 1 [] []
[2018-03-19 04:34:46] get_connect_2.INFO: 1 [] []
[2018-03-19 06:00:35] dashboard.INFO: 1 [] []
[2018-03-19 06:00:36] dashboard_count.INFO: ARR amount 153536807 [] []
